/n/home08/mngo/.conda/envs/liif_glean_experiment_python3.7_gpu/lib/python3.7/site-packages/torch/cuda/__init__.py:125: UserWarning: 
NVIDIA A100-SXM4-40GB with CUDA capability sm_80 is not compatible with the current PyTorch installation.
The current PyTorch install supports CUDA capabilities sm_37 sm_50 sm_60 sm_61 sm_70 compute_37.
If you want to use the NVIDIA A100-SXM4-40GB GPU with PyTorch, please check the instructions at https://pytorch.org/get-started/locally/

  warnings.warn(incompatible_device_warn.format(device_name, capability, " ".join(arch_list), device_name))
train:   0%|          | 0/1563 [00:00<?, ?it/s]                                               Traceback (most recent call last):
  File "train_liif.py", line 238, in <module>
    main(config, save_path)
  File "train_liif.py", line 164, in main
    train_loss = train(train_loader, model, optimizer, device)
  File "train_liif.py", line 116, in train
    loss.backward()
  File "/n/home08/mngo/.conda/envs/liif_glean_experiment_python3.7_gpu/lib/python3.7/site-packages/torch/tensor.py", line 185, in backward
    torch.autograd.backward(self, gradient, retain_graph, create_graph)
  File "/n/home08/mngo/.conda/envs/liif_glean_experiment_python3.7_gpu/lib/python3.7/site-packages/torch/autograd/__init__.py", line 127, in backward
    allow_unreachable=True)  # allow_unreachable flag
RuntimeError: CUDA error: CUBLAS_STATUS_EXECUTION_FAILED when calling `cublasSgemm( handle, opa, opb, m, n, k, &alpha, a, lda, b, ldb, &beta, c, ldc)`
Exception raised from gemm<float> at /opt/conda/conda-bld/pytorch_1595629408163/work/aten/src/ATen/cuda/CUDABlas.cpp:165 (most recent call first):
frame #0: c10::Error::Error(c10::SourceLocation, std::string) + 0x4d (0x2b1bf3dc077d in /n/home08/mngo/.conda/envs/liif_glean_experiment_python3.7_gpu/lib/python3.7/site-packages/torch/lib/libc10.so)
frame #1: <unknown function> + 0xcd8713 (0x2b1bc973b713 in /n/home08/mngo/.conda/envs/liif_glean_experiment_python3.7_gpu/lib/python3.7/site-packages/torch/lib/libtorch_cuda.so)
frame #2: at::native::(anonymous namespace)::addmm_out_cuda_impl(at::Tensor&, at::Tensor const&, at::Tensor const&, at::Tensor const&, c10::Scalar, c10::Scalar) + 0xf8e (0x2b1bcaadf0ce in /n/home08/mngo/.conda/envs/liif_glean_experiment_python3.7_gpu/lib/python3.7/site-packages/torch/lib/libtorch_cuda.so)
frame #3: at::native::mm_cuda(at::Tensor const&, at::Tensor const&) + 0xb3 (0x2b1bcaae0dc3 in /n/home08/mngo/.conda/envs/liif_glean_experiment_python3.7_gpu/lib/python3.7/site-packages/torch/lib/libtorch_cuda.so)
frame #4: <unknown function> + 0xcfdf30 (0x2b1bc9760f30 in /n/home08/mngo/.conda/envs/liif_glean_experiment_python3.7_gpu/lib/python3.7/site-packages/torch/lib/libtorch_cuda.so)
frame #5: <unknown function> + 0x7b1990 (0x2b1bc2754990 in /n/home08/mngo/.conda/envs/liif_glean_experiment_python3.7_gpu/lib/python3.7/site-packages/torch/lib/libtorch_cpu.so)
frame #6: at::Tensor c10::Dispatcher::call<at::Tensor, at::Tensor const&, at::Tensor const&>(c10::TypedOperatorHandle<at::Tensor (at::Tensor const&, at::Tensor const&)> const&, at::Tensor const&, at::Tensor const&) const + 0xbc (0x2b1bc2f3cc7c in /n/home08/mngo/.conda/envs/liif_glean_experiment_python3.7_gpu/lib/python3.7/site-packages/torch/lib/libtorch_cpu.so)
frame #7: at::mm(at::Tensor const&, at::Tensor const&) + 0x4b (0x2b1bc2e8db0b in /n/home08/mngo/.conda/envs/liif_glean_experiment_python3.7_gpu/lib/python3.7/site-packages/torch/lib/libtorch_cpu.so)
frame #8: <unknown function> + 0x2c2be8f (0x2b1bc4bcee8f in /n/home08/mngo/.conda/envs/liif_glean_experiment_python3.7_gpu/lib/python3.7/site-packages/torch/lib/libtorch_cpu.so)
frame #9: <unknown function> + 0x7b1990 (0x2b1bc2754990 in /n/home08/mngo/.conda/envs/liif_glean_experiment_python3.7_gpu/lib/python3.7/site-packages/torch/lib/libtorch_cpu.so)
frame #10: at::Tensor c10::Dispatcher::call<at::Tensor, at::Tensor const&, at::Tensor const&>(c10::TypedOperatorHandle<at::Tensor (at::Tensor const&, at::Tensor const&)> const&, at::Tensor const&, at::Tensor const&) const + 0xbc (0x2b1bc2f3cc7c in /n/home08/mngo/.conda/envs/liif_glean_experiment_python3.7_gpu/lib/python3.7/site-packages/torch/lib/libtorch_cpu.so)
frame #11: at::Tensor::mm(at::Tensor const&) const + 0x4b (0x2b1bc302310b in /n/home08/mngo/.conda/envs/liif_glean_experiment_python3.7_gpu/lib/python3.7/site-packages/torch/lib/libtorch_cpu.so)
frame #12: <unknown function> + 0x2a6d094 (0x2b1bc4a10094 in /n/home08/mngo/.conda/envs/liif_glean_experiment_python3.7_gpu/lib/python3.7/site-packages/torch/lib/libtorch_cpu.so)
frame #13: torch::autograd::generated::AddmmBackward::apply(std::vector<at::Tensor, std::allocator<at::Tensor> >&&) + 0x2d5 (0x2b1bc4a16055 in /n/home08/mngo/.conda/envs/liif_glean_experiment_python3.7_gpu/lib/python3.7/site-packages/torch/lib/libtorch_cpu.so)
frame #14: <unknown function> + 0x30d1017 (0x2b1bc5074017 in /n/home08/mngo/.conda/envs/liif_glean_experiment_python3.7_gpu/lib/python3.7/site-packages/torch/lib/libtorch_cpu.so)
frame #15: torch::autograd::Engine::evaluate_function(std::shared_ptr<torch::autograd::GraphTask>&, torch::autograd::Node*, torch::autograd::InputBuffer&, std::shared_ptr<torch::autograd::ReadyQueue> const&) + 0x1400 (0x2b1bc506f860 in /n/home08/mngo/.conda/envs/liif_glean_experiment_python3.7_gpu/lib/python3.7/site-packages/torch/lib/libtorch_cpu.so)
frame #16: torch::autograd::Engine::thread_main(std::shared_ptr<torch::autograd::GraphTask> const&) + 0x451 (0x2b1bc5070401 in /n/home08/mngo/.conda/envs/liif_glean_experiment_python3.7_gpu/lib/python3.7/site-packages/torch/lib/libtorch_cpu.so)
frame #17: torch::autograd::Engine::thread_init(int, std::shared_ptr<torch::autograd::ReadyQueue> const&, bool) + 0x89 (0x2b1bc5068579 in /n/home08/mngo/.conda/envs/liif_glean_experiment_python3.7_gpu/lib/python3.7/site-packages/torch/lib/libtorch_cpu.so)
frame #18: torch::autograd::python::PythonEngine::thread_init(int, std::shared_ptr<torch::autograd::ReadyQueue> const&, bool) + 0x4a (0x2b1bc0fd599a in /n/home08/mngo/.conda/envs/liif_glean_experiment_python3.7_gpu/lib/python3.7/site-packages/torch/lib/libtorch_python.so)
frame #19: <unknown function> + 0xdbbf4 (0x2b1bc0958bf4 in /n/home08/mngo/.conda/envs/liif_glean_experiment_python3.7_gpu/lib/python3.7/site-packages/torch/lib/../../../.././libstdc++.so.6)
frame #20: <unknown function> + 0x7ea5 (0x2b1ba4b44ea5 in /lib64/libpthread.so.0)
frame #21: clone + 0x6d (0x2b1ba55609fd in /lib64/libc.so.6)

